Analysis & Synthesis report for DualCoreCPU
Wed Dec 11 22:37:58 2024
Quartus Prime Version 23.1std.1 Build 993 05/14/2024 SC Standard Edition


---------------------
; Table of Contents ;
---------------------
  1. Legal Notice
  2. Analysis & Synthesis Summary
  3. Analysis & Synthesis Settings
  4. Parallel Compilation
  5. Analysis & Synthesis Messages



----------------
; Legal Notice ;
----------------
Copyright (C) 2024  Intel Corporation. All rights reserved.
Your use of Intel Corporation's design tools, logic functions 
and other software and tools, and any partner logic 
functions, and any output files from any of the foregoing 
(including device programming or simulation files), and any 
associated documentation or information are expressly subject 
to the terms and conditions of the Intel Program License 
Subscription Agreement, the Intel Quartus Prime License Agreement,
the Intel FPGA IP License Agreement, or other applicable license
agreement, including, without limitation, that your use is for
the sole purpose of programming logic devices manufactured by
Intel and sold by Intel or its authorized distributors.  Please
refer to the applicable agreement for further details, at
https://fpgasoftware.intel.com/eula.



+-----------------------------------------------------------------------------------------+
; Analysis & Synthesis Summary                                                            ;
+------------------------------------+----------------------------------------------------+
; Analysis & Synthesis Status        ; Failed - Wed Dec 11 22:37:58 2024                  ;
; Quartus Prime Version              ; 23.1std.1 Build 993 05/14/2024 SC Standard Edition ;
; Revision Name                      ; DualCoreCPU                                        ;
; Top-level Entity Name              ; DualCoreCPU                                        ;
; Family                             ; MAX 10                                             ;
; Total logic elements               ; N/A until Partition Merge                          ;
;     Total combinational functions  ; N/A until Partition Merge                          ;
;     Dedicated logic registers      ; N/A until Partition Merge                          ;
; Total registers                    ; N/A until Partition Merge                          ;
; Total pins                         ; N/A until Partition Merge                          ;
; Total virtual pins                 ; N/A until Partition Merge                          ;
; Total memory bits                  ; N/A until Partition Merge                          ;
; Embedded Multiplier 9-bit elements ; N/A until Partition Merge                          ;
; Total PLLs                         ; N/A until Partition Merge                          ;
; UFM blocks                         ; N/A until Partition Merge                          ;
; ADC blocks                         ; N/A until Partition Merge                          ;
+------------------------------------+----------------------------------------------------+


+------------------------------------------------------------------------------------------------------------+
; Analysis & Synthesis Settings                                                                              ;
+------------------------------------------------------------------+--------------------+--------------------+
; Option                                                           ; Setting            ; Default Value      ;
+------------------------------------------------------------------+--------------------+--------------------+
; Device                                                           ; 10M08DAF484C8G     ;                    ;
; Top-level entity name                                            ; DualCoreCPU        ; DualCoreCPU        ;
; Family name                                                      ; MAX 10             ; Cyclone V          ;
; Use smart compilation                                            ; Off                ; Off                ;
; Enable parallel Assembler and Timing Analyzer during compilation ; On                 ; On                 ;
; Enable compact report table                                      ; Off                ; Off                ;
; Restructure Multiplexers                                         ; Auto               ; Auto               ;
; Create Debugging Nodes for IP Cores                              ; Off                ; Off                ;
; Preserve fewer node names                                        ; On                 ; On                 ;
; Intel FPGA IP Evaluation Mode                                    ; Enable             ; Enable             ;
; Verilog Version                                                  ; Verilog_2001       ; Verilog_2001       ;
; VHDL Version                                                     ; VHDL_1993          ; VHDL_1993          ;
; State Machine Processing                                         ; Auto               ; Auto               ;
; Safe State Machine                                               ; Off                ; Off                ;
; Extract Verilog State Machines                                   ; On                 ; On                 ;
; Extract VHDL State Machines                                      ; On                 ; On                 ;
; Ignore Verilog initial constructs                                ; Off                ; Off                ;
; Iteration limit for constant Verilog loops                       ; 5000               ; 5000               ;
; Iteration limit for non-constant Verilog loops                   ; 250                ; 250                ;
; Add Pass-Through Logic to Inferred RAMs                          ; On                 ; On                 ;
; Infer RAMs from Raw Logic                                        ; On                 ; On                 ;
; Parallel Synthesis                                               ; On                 ; On                 ;
; DSP Block Balancing                                              ; Auto               ; Auto               ;
; NOT Gate Push-Back                                               ; On                 ; On                 ;
; Power-Up Don't Care                                              ; On                 ; On                 ;
; Remove Redundant Logic Cells                                     ; Off                ; Off                ;
; Remove Duplicate Registers                                       ; On                 ; On                 ;
; Ignore CARRY Buffers                                             ; Off                ; Off                ;
; Ignore CASCADE Buffers                                           ; Off                ; Off                ;
; Ignore GLOBAL Buffers                                            ; Off                ; Off                ;
; Ignore ROW GLOBAL Buffers                                        ; Off                ; Off                ;
; Ignore LCELL Buffers                                             ; Off                ; Off                ;
; Ignore SOFT Buffers                                              ; On                 ; On                 ;
; Limit AHDL Integers to 32 Bits                                   ; Off                ; Off                ;
; Optimization Technique                                           ; Balanced           ; Balanced           ;
; Carry Chain Length                                               ; 70                 ; 70                 ;
; Auto Carry Chains                                                ; On                 ; On                 ;
; Auto Open-Drain Pins                                             ; On                 ; On                 ;
; Perform WYSIWYG Primitive Resynthesis                            ; Off                ; Off                ;
; Auto ROM Replacement                                             ; On                 ; On                 ;
; Auto RAM Replacement                                             ; On                 ; On                 ;
; Auto DSP Block Replacement                                       ; On                 ; On                 ;
; Auto Shift Register Replacement                                  ; Auto               ; Auto               ;
; Allow Shift Register Merging across Hierarchies                  ; Auto               ; Auto               ;
; Auto Clock Enable Replacement                                    ; On                 ; On                 ;
; Strict RAM Replacement                                           ; Off                ; Off                ;
; Allow Synchronous Control Signals                                ; On                 ; On                 ;
; Force Use of Synchronous Clear Signals                           ; Off                ; Off                ;
; Auto RAM Block Balancing                                         ; On                 ; On                 ;
; Auto RAM to Logic Cell Conversion                                ; Off                ; Off                ;
; Auto Resource Sharing                                            ; Off                ; Off                ;
; Allow Any RAM Size For Recognition                               ; Off                ; Off                ;
; Allow Any ROM Size For Recognition                               ; Off                ; Off                ;
; Allow Any Shift Register Size For Recognition                    ; Off                ; Off                ;
; Use LogicLock Constraints during Resource Balancing              ; On                 ; On                 ;
; Ignore translate_off and synthesis_off directives                ; Off                ; Off                ;
; Timing-Driven Synthesis                                          ; On                 ; On                 ;
; Report Parameter Settings                                        ; On                 ; On                 ;
; Report Source Assignments                                        ; On                 ; On                 ;
; Report Connectivity Checks                                       ; On                 ; On                 ;
; Ignore Maximum Fan-Out Assignments                               ; Off                ; Off                ;
; Synchronization Register Chain Length                            ; 2                  ; 2                  ;
; Power Optimization During Synthesis                              ; Normal compilation ; Normal compilation ;
; HDL message level                                                ; Level2             ; Level2             ;
; Suppress Register Optimization Related Messages                  ; Off                ; Off                ;
; Number of Removed Registers Reported in Synthesis Report         ; 5000               ; 5000               ;
; Number of Swept Nodes Reported in Synthesis Report               ; 5000               ; 5000               ;
; Number of Inverted Registers Reported in Synthesis Report        ; 100                ; 100                ;
; Clock MUX Protection                                             ; On                 ; On                 ;
; Auto Gated Clock Conversion                                      ; Off                ; Off                ;
; Block Design Naming                                              ; Auto               ; Auto               ;
; SDC constraint protection                                        ; Off                ; Off                ;
; Synthesis Effort                                                 ; Auto               ; Auto               ;
; Shift Register Replacement - Allow Asynchronous Clear Signal     ; On                 ; On                 ;
; Pre-Mapping Resynthesis Optimization                             ; Off                ; Off                ;
; Analysis & Synthesis Message Level                               ; Medium             ; Medium             ;
; Disable Register Merging Across Hierarchies                      ; Auto               ; Auto               ;
; Resource Aware Inference For Block RAM                           ; On                 ; On                 ;
+------------------------------------------------------------------+--------------------+--------------------+


+------------------------------------------+
; Parallel Compilation                     ;
+----------------------------+-------------+
; Processors                 ; Number      ;
+----------------------------+-------------+
; Number detected on machine ; 8           ;
; Maximum allowed            ; 8           ;
;                            ;             ;
; Average used               ; 1.00        ;
; Maximum used               ; 1           ;
;                            ;             ;
; Usage by Processor         ; % Time Used ;
;     Processor 1            ; 100.0%      ;
+----------------------------+-------------+


+-------------------------------+
; Analysis & Synthesis Messages ;
+-------------------------------+
Info: *******************************************************************
Info: Running Quartus Prime Analysis & Synthesis
    Info: Version 23.1std.1 Build 993 05/14/2024 SC Standard Edition
    Info: Processing started: Wed Dec 11 22:37:49 2024
Info: Command: quartus_map --read_settings_files=on --write_settings_files=off DualCoreCPU -c DualCoreCPU
Warning (18236): Number of processors has not been specified which may cause overloading on shared machines.  Set the global assignment NUM_PARALLEL_PROCESSORS in your QSF to an appropriate value for best performance.
Info (20030): Parallel compilation is enabled and will use 8 of the 8 processors detected
Info (12021): Found 1 design units, including 1 entities, in source file sharedmemory.v
    Info (12023): Found entity 1: SharedMemory File: C:/Users/raihv/Documents/comp_art/DualCoreCPU/SharedMemory.v Line: 1
Info (12021): Found 1 design units, including 1 entities, in source file memoryarbiter.v
    Info (12023): Found entity 1: MemoryArbiter File: C:/Users/raihv/Documents/comp_art/DualCoreCPU/MemoryArbiter.v Line: 1
Info (12021): Found 1 design units, including 1 entities, in source file dualcorecpu.bdf
    Info (12023): Found entity 1: DualCoreCPU
Info (12021): Found 1 design units, including 1 entities, in source file cpu_singlecycle.v
    Info (12023): Found entity 1: CPU_SingleCycle File: C:/Users/raihv/Documents/comp_art/DualCoreCPU/CPU_SingleCycle.v Line: 20
Info (12127): Elaborating entity "DualCoreCPU" for the top level hierarchy
Info (12128): Elaborating entity "MemoryArbiter" for hierarchy "MemoryArbiter:inst"
Info (12128): Elaborating entity "CPU_SingleCycle" for hierarchy "CPU_SingleCycle:inst1"
Info (12128): Elaborating entity "SharedMemory" for hierarchy "SharedMemory:inst3"
Error (12006): Node instance "b2v_ALU" instantiates undefined entity "ALU_32". Ensure that required library paths are specified correctly, define the specified entity, or change the instantiation. If this entity represents Intel FPGA or third-party IP, generate the synthesis files for the IP. File: C:/Users/raihv/Documents/comp_art/DualCoreCPU/CPU_SingleCycle.v Line: 82
Error (12006): Node instance "b2v_im" instantiates undefined entity "IM". Ensure that required library paths are specified correctly, define the specified entity, or change the instantiation. If this entity represents Intel FPGA or third-party IP, generate the synthesis files for the IP. File: C:/Users/raihv/Documents/comp_art/DualCoreCPU/CPU_SingleCycle.v Line: 95
Error (12006): Node instance "b2v_inc4" instantiates undefined entity "INC4_32". Ensure that required library paths are specified correctly, define the specified entity, or change the instantiation. If this entity represents Intel FPGA or third-party IP, generate the synthesis files for the IP. File: C:/Users/raihv/Documents/comp_art/DualCoreCPU/CPU_SingleCycle.v Line: 100
Error (12006): Node instance "b2v_inst" instantiates undefined entity "MUX3_32". Ensure that required library paths are specified correctly, define the specified entity, or change the instantiation. If this entity represents Intel FPGA or third-party IP, generate the synthesis files for the IP. File: C:/Users/raihv/Documents/comp_art/DualCoreCPU/CPU_SingleCycle.v Line: 108
Error (12006): Node instance "b2v_inst1" instantiates undefined entity "Sixteen". Ensure that required library paths are specified correctly, define the specified entity, or change the instantiation. If this entity represents Intel FPGA or third-party IP, generate the synthesis files for the IP. File: C:/Users/raihv/Documents/comp_art/DualCoreCPU/CPU_SingleCycle.v Line: 112
Error (12006): Node instance "b2v_inst3" instantiates undefined entity "CTRL". Ensure that required library paths are specified correctly, define the specified entity, or change the instantiation. If this entity represents Intel FPGA or third-party IP, generate the synthesis files for the IP. File: C:/Users/raihv/Documents/comp_art/DualCoreCPU/CPU_SingleCycle.v Line: 127
Error (12006): Node instance "b2v_inst4" instantiates undefined entity "ZE16_32". Ensure that required library paths are specified correctly, define the specified entity, or change the instantiation. If this entity represents Intel FPGA or third-party IP, generate the synthesis files for the IP. File: C:/Users/raihv/Documents/comp_art/DualCoreCPU/CPU_SingleCycle.v Line: 132
Error (12006): Node instance "b2v_LO" instantiates undefined entity "Flopenr_32". Ensure that required library paths are specified correctly, define the specified entity, or change the instantiation. If this entity represents Intel FPGA or third-party IP, generate the synthesis files for the IP. File: C:/Users/raihv/Documents/comp_art/DualCoreCPU/CPU_SingleCycle.v Line: 140
Error (12006): Node instance "b2v_myAdder" instantiates undefined entity "Adder_32". Ensure that required library paths are specified correctly, define the specified entity, or change the instantiation. If this entity represents Intel FPGA or third-party IP, generate the synthesis files for the IP. File: C:/Users/raihv/Documents/comp_art/DualCoreCPU/CPU_SingleCycle.v Line: 146
Error (12006): Node instance "b2v_pcMUX" instantiates undefined entity "MUX3_32". Ensure that required library paths are specified correctly, define the specified entity, or change the instantiation. If this entity represents Intel FPGA or third-party IP, generate the synthesis files for the IP. File: C:/Users/raihv/Documents/comp_art/DualCoreCPU/CPU_SingleCycle.v Line: 154
Error (12006): Node instance "b2v_PCREG" instantiates undefined entity "Flopr_32". Ensure that required library paths are specified correctly, define the specified entity, or change the instantiation. If this entity represents Intel FPGA or third-party IP, generate the synthesis files for the IP. File: C:/Users/raihv/Documents/comp_art/DualCoreCPU/CPU_SingleCycle.v Line: 161
Error (12006): Node instance "b2v_rf" instantiates undefined entity "RF". Ensure that required library paths are specified correctly, define the specified entity, or change the instantiation. If this entity represents Intel FPGA or third-party IP, generate the synthesis files for the IP. File: C:/Users/raihv/Documents/comp_art/DualCoreCPU/CPU_SingleCycle.v Line: 173
Error (12006): Node instance "b2v_rf_wa_mux" instantiates undefined entity "MUX2_5". Ensure that required library paths are specified correctly, define the specified entity, or change the instantiation. If this entity represents Intel FPGA or third-party IP, generate the synthesis files for the IP. File: C:/Users/raihv/Documents/comp_art/DualCoreCPU/CPU_SingleCycle.v Line: 180
Error (12006): Node instance "b2v_rf_wd_mux" instantiates undefined entity "MUX3_32". Ensure that required library paths are specified correctly, define the specified entity, or change the instantiation. If this entity represents Intel FPGA or third-party IP, generate the synthesis files for the IP. File: C:/Users/raihv/Documents/comp_art/DualCoreCPU/CPU_SingleCycle.v Line: 188
Error (12006): Node instance "b2v_se" instantiates undefined entity "SE16_32". Ensure that required library paths are specified correctly, define the specified entity, or change the instantiation. If this entity represents Intel FPGA or third-party IP, generate the synthesis files for the IP. File: C:/Users/raihv/Documents/comp_art/DualCoreCPU/CPU_SingleCycle.v Line: 193
Error (12006): Node instance "b2v_shamt_mux" instantiates undefined entity "MUX2_5". Ensure that required library paths are specified correctly, define the specified entity, or change the instantiation. If this entity represents Intel FPGA or third-party IP, generate the synthesis files for the IP. File: C:/Users/raihv/Documents/comp_art/DualCoreCPU/CPU_SingleCycle.v Line: 200
Error (12006): Node instance "b2v_signExt" instantiates undefined entity "SE18_32". Ensure that required library paths are specified correctly, define the specified entity, or change the instantiation. If this entity represents Intel FPGA or third-party IP, generate the synthesis files for the IP. File: C:/Users/raihv/Documents/comp_art/DualCoreCPU/CPU_SingleCycle.v Line: 205
Error (12006): Node instance "b2v_spliceUnit" instantiates undefined entity "SL2_16". Ensure that required library paths are specified correctly, define the specified entity, or change the instantiation. If this entity represents Intel FPGA or third-party IP, generate the synthesis files for the IP. File: C:/Users/raihv/Documents/comp_art/DualCoreCPU/CPU_SingleCycle.v Line: 210
Error (12006): Node instance "b2v_spliceUnitforPC" instantiates undefined entity "SPLICE_PCJ". Ensure that required library paths are specified correctly, define the specified entity, or change the instantiation. If this entity represents Intel FPGA or third-party IP, generate the synthesis files for the IP. File: C:/Users/raihv/Documents/comp_art/DualCoreCPU/CPU_SingleCycle.v Line: 216
Error (12006): Node instance "b2v_ALU" instantiates undefined entity "ALU_32". Ensure that required library paths are specified correctly, define the specified entity, or change the instantiation. If this entity represents Intel FPGA or third-party IP, generate the synthesis files for the IP. File: C:/Users/raihv/Documents/comp_art/DualCoreCPU/CPU_SingleCycle.v Line: 82
Error (12006): Node instance "b2v_im" instantiates undefined entity "IM". Ensure that required library paths are specified correctly, define the specified entity, or change the instantiation. If this entity represents Intel FPGA or third-party IP, generate the synthesis files for the IP. File: C:/Users/raihv/Documents/comp_art/DualCoreCPU/CPU_SingleCycle.v Line: 95
Error (12006): Node instance "b2v_inc4" instantiates undefined entity "INC4_32". Ensure that required library paths are specified correctly, define the specified entity, or change the instantiation. If this entity represents Intel FPGA or third-party IP, generate the synthesis files for the IP. File: C:/Users/raihv/Documents/comp_art/DualCoreCPU/CPU_SingleCycle.v Line: 100
Error (12006): Node instance "b2v_inst" instantiates undefined entity "MUX3_32". Ensure that required library paths are specified correctly, define the specified entity, or change the instantiation. If this entity represents Intel FPGA or third-party IP, generate the synthesis files for the IP. File: C:/Users/raihv/Documents/comp_art/DualCoreCPU/CPU_SingleCycle.v Line: 108
Error (12006): Node instance "b2v_inst1" instantiates undefined entity "Sixteen". Ensure that required library paths are specified correctly, define the specified entity, or change the instantiation. If this entity represents Intel FPGA or third-party IP, generate the synthesis files for the IP. File: C:/Users/raihv/Documents/comp_art/DualCoreCPU/CPU_SingleCycle.v Line: 112
Error (12006): Node instance "b2v_inst3" instantiates undefined entity "CTRL". Ensure that required library paths are specified correctly, define the specified entity, or change the instantiation. If this entity represents Intel FPGA or third-party IP, generate the synthesis files for the IP. File: C:/Users/raihv/Documents/comp_art/DualCoreCPU/CPU_SingleCycle.v Line: 127
Error (12006): Node instance "b2v_inst4" instantiates undefined entity "ZE16_32". Ensure that required library paths are specified correctly, define the specified entity, or change the instantiation. If this entity represents Intel FPGA or third-party IP, generate the synthesis files for the IP. File: C:/Users/raihv/Documents/comp_art/DualCoreCPU/CPU_SingleCycle.v Line: 132
Error (12006): Node instance "b2v_LO" instantiates undefined entity "Flopenr_32". Ensure that required library paths are specified correctly, define the specified entity, or change the instantiation. If this entity represents Intel FPGA or third-party IP, generate the synthesis files for the IP. File: C:/Users/raihv/Documents/comp_art/DualCoreCPU/CPU_SingleCycle.v Line: 140
Error (12006): Node instance "b2v_myAdder" instantiates undefined entity "Adder_32". Ensure that required library paths are specified correctly, define the specified entity, or change the instantiation. If this entity represents Intel FPGA or third-party IP, generate the synthesis files for the IP. File: C:/Users/raihv/Documents/comp_art/DualCoreCPU/CPU_SingleCycle.v Line: 146
Error (12006): Node instance "b2v_pcMUX" instantiates undefined entity "MUX3_32". Ensure that required library paths are specified correctly, define the specified entity, or change the instantiation. If this entity represents Intel FPGA or third-party IP, generate the synthesis files for the IP. File: C:/Users/raihv/Documents/comp_art/DualCoreCPU/CPU_SingleCycle.v Line: 154
Error (12006): Node instance "b2v_PCREG" instantiates undefined entity "Flopr_32". Ensure that required library paths are specified correctly, define the specified entity, or change the instantiation. If this entity represents Intel FPGA or third-party IP, generate the synthesis files for the IP. File: C:/Users/raihv/Documents/comp_art/DualCoreCPU/CPU_SingleCycle.v Line: 161
Error (12006): Node instance "b2v_rf" instantiates undefined entity "RF". Ensure that required library paths are specified correctly, define the specified entity, or change the instantiation. If this entity represents Intel FPGA or third-party IP, generate the synthesis files for the IP. File: C:/Users/raihv/Documents/comp_art/DualCoreCPU/CPU_SingleCycle.v Line: 173
Error (12006): Node instance "b2v_rf_wa_mux" instantiates undefined entity "MUX2_5". Ensure that required library paths are specified correctly, define the specified entity, or change the instantiation. If this entity represents Intel FPGA or third-party IP, generate the synthesis files for the IP. File: C:/Users/raihv/Documents/comp_art/DualCoreCPU/CPU_SingleCycle.v Line: 180
Error (12006): Node instance "b2v_rf_wd_mux" instantiates undefined entity "MUX3_32". Ensure that required library paths are specified correctly, define the specified entity, or change the instantiation. If this entity represents Intel FPGA or third-party IP, generate the synthesis files for the IP. File: C:/Users/raihv/Documents/comp_art/DualCoreCPU/CPU_SingleCycle.v Line: 188
Error (12006): Node instance "b2v_se" instantiates undefined entity "SE16_32". Ensure that required library paths are specified correctly, define the specified entity, or change the instantiation. If this entity represents Intel FPGA or third-party IP, generate the synthesis files for the IP. File: C:/Users/raihv/Documents/comp_art/DualCoreCPU/CPU_SingleCycle.v Line: 193
Error (12006): Node instance "b2v_shamt_mux" instantiates undefined entity "MUX2_5". Ensure that required library paths are specified correctly, define the specified entity, or change the instantiation. If this entity represents Intel FPGA or third-party IP, generate the synthesis files for the IP. File: C:/Users/raihv/Documents/comp_art/DualCoreCPU/CPU_SingleCycle.v Line: 200
Error (12006): Node instance "b2v_signExt" instantiates undefined entity "SE18_32". Ensure that required library paths are specified correctly, define the specified entity, or change the instantiation. If this entity represents Intel FPGA or third-party IP, generate the synthesis files for the IP. File: C:/Users/raihv/Documents/comp_art/DualCoreCPU/CPU_SingleCycle.v Line: 205
Error (12006): Node instance "b2v_spliceUnit" instantiates undefined entity "SL2_16". Ensure that required library paths are specified correctly, define the specified entity, or change the instantiation. If this entity represents Intel FPGA or third-party IP, generate the synthesis files for the IP. File: C:/Users/raihv/Documents/comp_art/DualCoreCPU/CPU_SingleCycle.v Line: 210
Error (12006): Node instance "b2v_spliceUnitforPC" instantiates undefined entity "SPLICE_PCJ". Ensure that required library paths are specified correctly, define the specified entity, or change the instantiation. If this entity represents Intel FPGA or third-party IP, generate the synthesis files for the IP. File: C:/Users/raihv/Documents/comp_art/DualCoreCPU/CPU_SingleCycle.v Line: 216
Error: Quartus Prime Analysis & Synthesis was unsuccessful. 38 errors, 1 warning
    Error: Peak virtual memory: 4735 megabytes
    Error: Processing ended: Wed Dec 11 22:37:58 2024
    Error: Elapsed time: 00:00:09
    Error: Total CPU time (on all processors): 00:00:02


